The system is: Linux - 3.13.0-00298-g3c7cbb9-dirty - armv7l
Compiling the C compiler identification source file "CMakeCCompilerId.c" succeeded.
Compiler: /usr/bin/cc 
Build flags: 
Id flags:  

The output was:
0


Compilation of the C compiler identification source "CMakeCCompilerId.c" produced "a.out"

The C compiler identification is GNU, found in "/root/Downloads/apps/demo_cn_console/build/CMakeFiles/3.8.0-rc2/CompilerIdC/a.out"

Determining if the C compiler works passed with the following output:
Change Dir: /root/Downloads/apps/demo_cn_console/build/CMakeFiles/CMakeTmp

Run Build Command:"/usr/bin/make" "cmTC_e605e/fast"
/usr/bin/make -f CMakeFiles/cmTC_e605e.dir/build.make CMakeFiles/cmTC_e605e.dir/build
make[1]: Entering directory `/root/Downloads/apps/demo_cn_console/build/CMakeFiles/CMakeTmp'
Building C object CMakeFiles/cmTC_e605e.dir/testCCompiler.c.o
/usr/bin/cc    -o CMakeFiles/cmTC_e605e.dir/testCCompiler.c.o   -c /root/Downloads/apps/demo_cn_console/build/CMakeFiles/CMakeTmp/testCCompiler.c
Linking C executable cmTC_e605e
/usr/local/bin/cmake -E cmake_link_script CMakeFiles/cmTC_e605e.dir/link.txt --verbose=1
/usr/bin/cc      -rdynamic CMakeFiles/cmTC_e605e.dir/testCCompiler.c.o  -o cmTC_e605e 
make[1]: Leaving directory `/root/Downloads/apps/demo_cn_console/build/CMakeFiles/CMakeTmp'


Detecting C compiler ABI info compiled with the following output:
Change Dir: /root/Downloads/apps/demo_cn_console/build/CMakeFiles/CMakeTmp

Run Build Command:"/usr/bin/make" "cmTC_37c8d/fast"
/usr/bin/make -f CMakeFiles/cmTC_37c8d.dir/build.make CMakeFiles/cmTC_37c8d.dir/build
make[1]: Entering directory `/root/Downloads/apps/demo_cn_console/build/CMakeFiles/CMakeTmp'
make[1]: Warning: File `/usr/local/share/cmake-3.8/Modules/CMakeCCompilerABI.c' has modification time 1.5e+09 s in the future
Building C object CMakeFiles/cmTC_37c8d.dir/CMakeCCompilerABI.c.o
/usr/bin/cc    -o CMakeFiles/cmTC_37c8d.dir/CMakeCCompilerABI.c.o   -c /usr/local/share/cmake-3.8/Modules/CMakeCCompilerABI.c
Linking C executable cmTC_37c8d
/usr/local/bin/cmake -E cmake_link_script CMakeFiles/cmTC_37c8d.dir/link.txt --verbose=1
/usr/bin/cc     -v -rdynamic CMakeFiles/cmTC_37c8d.dir/CMakeCCompilerABI.c.o  -o cmTC_37c8d 
Using built-in specs.
COLLECT_GCC=/usr/bin/cc
COLLECT_LTO_WRAPPER=/usr/lib/gcc/arm-linux-gnueabihf/4.7/lto-wrapper
Target: arm-linux-gnueabihf
Configured with: ../src/configure -v --with-pkgversion='Ubuntu/Linaro 4.7.2-2ubuntu1' --with-bugurl=file:///usr/share/doc/gcc-4.7/README.Bugs --enable-languages=c,c++,go,fortran,objc,obj-c++ --prefix=/usr --program-suffix=-4.7 --enable-shared --enable-linker-build-id --with-system-zlib --libexecdir=/usr/lib --without-included-gettext --enable-threads=posix --with-gxx-include-dir=/usr/include/c++/4.7 --libdir=/usr/lib --enable-nls --with-sysroot=/ --enable-clocale=gnu --enable-libstdcxx-debug --enable-libstdcxx-time=yes --enable-gnu-unique-object --disable-libitm --enable-plugin --enable-objc-gc --enable-multilib --disable-sjlj-exceptions --with-arch=armv7-a --with-fpu=vfpv3-d16 --with-float=hard --with-mode=thumb --disable-werror --enable-checking=release --build=arm-linux-gnueabihf --host=arm-linux-gnueabihf --target=arm-linux-gnueabihf
Thread model: posix
gcc version 4.7.2 (Ubuntu/Linaro 4.7.2-2ubuntu1) 
COMPILER_PATH=/usr/lib/gcc/arm-linux-gnueabihf/4.7/:/usr/lib/gcc/arm-linux-gnueabihf/4.7/:/usr/lib/gcc/arm-linux-gnueabihf/:/usr/lib/gcc/arm-linux-gnueabihf/4.7/:/usr/lib/gcc/arm-linux-gnueabihf/
LIBRARY_PATH=/usr/lib/gcc/arm-linux-gnueabihf/4.7/:/usr/lib/gcc/arm-linux-gnueabihf/4.7/../../../arm-linux-gnueabihf/:/usr/lib/gcc/arm-linux-gnueabihf/4.7/../../../../lib/:/lib/arm-linux-gnueabihf/:/lib/../lib/:/usr/lib/arm-linux-gnueabihf/:/usr/lib/../lib/:/usr/lib/gcc/arm-linux-gnueabihf/4.7/../../../:/lib/:/usr/lib/
COLLECT_GCC_OPTIONS='-v' '-rdynamic' '-o' 'cmTC_37c8d' '-march=armv7-a' '-mfloat-abi=hard' '-mfpu=vfpv3-d16' '-mthumb' '-mtls-dialect=gnu'
 /usr/lib/gcc/arm-linux-gnueabihf/4.7/collect2 --sysroot=/ --build-id --no-add-needed --as-needed --eh-frame-hdr -export-dynamic -dynamic-linker /lib/ld-linux-armhf.so.3 -X --hash-style=gnu -m armelf_linux_eabi -z relro -o cmTC_37c8d /usr/lib/gcc/arm-linux-gnueabihf/4.7/../../../arm-linux-gnueabihf/crt1.o /usr/lib/gcc/arm-linux-gnueabihf/4.7/../../../arm-linux-gnueabihf/crti.o /usr/lib/gcc/arm-linux-gnueabihf/4.7/crtbegin.o -L/usr/lib/gcc/arm-linux-gnueabihf/4.7 -L/usr/lib/gcc/arm-linux-gnueabihf/4.7/../../../arm-linux-gnueabihf -L/usr/lib/gcc/arm-linux-gnueabihf/4.7/../../../../lib -L/lib/arm-linux-gnueabihf -L/lib/../lib -L/usr/lib/arm-linux-gnueabihf -L/usr/lib/../lib -L/usr/lib/gcc/arm-linux-gnueabihf/4.7/../../.. CMakeFiles/cmTC_37c8d.dir/CMakeCCompilerABI.c.o -lgcc --as-needed -lgcc_s --no-as-needed -lc -lgcc --as-needed -lgcc_s --no-as-needed /usr/lib/gcc/arm-linux-gnueabihf/4.7/crtend.o /usr/lib/gcc/arm-linux-gnueabihf/4.7/../../../arm-linux-gnueabihf/crtn.o
make[1]: warning:  Clock skew detected.  Your build may be incomplete.
make[1]: Leaving directory `/root/Downloads/apps/demo_cn_console/build/CMakeFiles/CMakeTmp'


Parsed C implicit link information from above output:
  link line regex: [^( *|.*[/\])(ld|([^/\]+-)?ld|collect2)[^/\]*( |$)]
  ignore line: [Change Dir: /root/Downloads/apps/demo_cn_console/build/CMakeFiles/CMakeTmp]
  ignore line: []
  ignore line: [Run Build Command:"/usr/bin/make" "cmTC_37c8d/fast"]
  ignore line: [/usr/bin/make -f CMakeFiles/cmTC_37c8d.dir/build.make CMakeFiles/cmTC_37c8d.dir/build]
  ignore line: [make[1]: Entering directory `/root/Downloads/apps/demo_cn_console/build/CMakeFiles/CMakeTmp']
  ignore line: [make[1]: Warning: File `/usr/local/share/cmake-3.8/Modules/CMakeCCompilerABI.c' has modification time 1.5e+09 s in the future]
  ignore line: [Building C object CMakeFiles/cmTC_37c8d.dir/CMakeCCompilerABI.c.o]
  ignore line: [/usr/bin/cc    -o CMakeFiles/cmTC_37c8d.dir/CMakeCCompilerABI.c.o   -c /usr/local/share/cmake-3.8/Modules/CMakeCCompilerABI.c]
  ignore line: [Linking C executable cmTC_37c8d]
  ignore line: [/usr/local/bin/cmake -E cmake_link_script CMakeFiles/cmTC_37c8d.dir/link.txt --verbose=1]
  ignore line: [/usr/bin/cc     -v -rdynamic CMakeFiles/cmTC_37c8d.dir/CMakeCCompilerABI.c.o  -o cmTC_37c8d ]
  ignore line: [Using built-in specs.]
  ignore line: [COLLECT_GCC=/usr/bin/cc]
  ignore line: [COLLECT_LTO_WRAPPER=/usr/lib/gcc/arm-linux-gnueabihf/4.7/lto-wrapper]
  ignore line: [Target: arm-linux-gnueabihf]
  ignore line: [Configured with: ../src/configure -v --with-pkgversion='Ubuntu/Linaro 4.7.2-2ubuntu1' --with-bugurl=file:///usr/share/doc/gcc-4.7/README.Bugs --enable-languages=c,c++,go,fortran,objc,obj-c++ --prefix=/usr --program-suffix=-4.7 --enable-shared --enable-linker-build-id --with-system-zlib --libexecdir=/usr/lib --without-included-gettext --enable-threads=posix --with-gxx-include-dir=/usr/include/c++/4.7 --libdir=/usr/lib --enable-nls --with-sysroot=/ --enable-clocale=gnu --enable-libstdcxx-debug --enable-libstdcxx-time=yes --enable-gnu-unique-object --disable-libitm --enable-plugin --enable-objc-gc --enable-multilib --disable-sjlj-exceptions --with-arch=armv7-a --with-fpu=vfpv3-d16 --with-float=hard --with-mode=thumb --disable-werror --enable-checking=release --build=arm-linux-gnueabihf --host=arm-linux-gnueabihf --target=arm-linux-gnueabihf]
  ignore line: [Thread model: posix]
  ignore line: [gcc version 4.7.2 (Ubuntu/Linaro 4.7.2-2ubuntu1) ]
  ignore line: [COMPILER_PATH=/usr/lib/gcc/arm-linux-gnueabihf/4.7/:/usr/lib/gcc/arm-linux-gnueabihf/4.7/:/usr/lib/gcc/arm-linux-gnueabihf/:/usr/lib/gcc/arm-linux-gnueabihf/4.7/:/usr/lib/gcc/arm-linux-gnueabihf/]
  ignore line: [LIBRARY_PATH=/usr/lib/gcc/arm-linux-gnueabihf/4.7/:/usr/lib/gcc/arm-linux-gnueabihf/4.7/../../../arm-linux-gnueabihf/:/usr/lib/gcc/arm-linux-gnueabihf/4.7/../../../../lib/:/lib/arm-linux-gnueabihf/:/lib/../lib/:/usr/lib/arm-linux-gnueabihf/:/usr/lib/../lib/:/usr/lib/gcc/arm-linux-gnueabihf/4.7/../../../:/lib/:/usr/lib/]
  ignore line: [COLLECT_GCC_OPTIONS='-v' '-rdynamic' '-o' 'cmTC_37c8d' '-march=armv7-a' '-mfloat-abi=hard' '-mfpu=vfpv3-d16' '-mthumb' '-mtls-dialect=gnu']
  link line: [ /usr/lib/gcc/arm-linux-gnueabihf/4.7/collect2 --sysroot=/ --build-id --no-add-needed --as-needed --eh-frame-hdr -export-dynamic -dynamic-linker /lib/ld-linux-armhf.so.3 -X --hash-style=gnu -m armelf_linux_eabi -z relro -o cmTC_37c8d /usr/lib/gcc/arm-linux-gnueabihf/4.7/../../../arm-linux-gnueabihf/crt1.o /usr/lib/gcc/arm-linux-gnueabihf/4.7/../../../arm-linux-gnueabihf/crti.o /usr/lib/gcc/arm-linux-gnueabihf/4.7/crtbegin.o -L/usr/lib/gcc/arm-linux-gnueabihf/4.7 -L/usr/lib/gcc/arm-linux-gnueabihf/4.7/../../../arm-linux-gnueabihf -L/usr/lib/gcc/arm-linux-gnueabihf/4.7/../../../../lib -L/lib/arm-linux-gnueabihf -L/lib/../lib -L/usr/lib/arm-linux-gnueabihf -L/usr/lib/../lib -L/usr/lib/gcc/arm-linux-gnueabihf/4.7/../../.. CMakeFiles/cmTC_37c8d.dir/CMakeCCompilerABI.c.o -lgcc --as-needed -lgcc_s --no-as-needed -lc -lgcc --as-needed -lgcc_s --no-as-needed /usr/lib/gcc/arm-linux-gnueabihf/4.7/crtend.o /usr/lib/gcc/arm-linux-gnueabihf/4.7/../../../arm-linux-gnueabihf/crtn.o]
    arg [/usr/lib/gcc/arm-linux-gnueabihf/4.7/collect2] ==> ignore
    arg [--sysroot=/] ==> ignore
    arg [--build-id] ==> ignore
    arg [--no-add-needed] ==> ignore
    arg [--as-needed] ==> ignore
    arg [--eh-frame-hdr] ==> ignore
    arg [-export-dynamic] ==> ignore
    arg [-dynamic-linker] ==> ignore
    arg [/lib/ld-linux-armhf.so.3] ==> ignore
    arg [-X] ==> ignore
    arg [--hash-style=gnu] ==> ignore
    arg [-m] ==> ignore
    arg [armelf_linux_eabi] ==> ignore
    arg [-zrelro] ==> ignore
    arg [-o] ==> ignore
    arg [cmTC_37c8d] ==> ignore
    arg [/usr/lib/gcc/arm-linux-gnueabihf/4.7/../../../arm-linux-gnueabihf/crt1.o] ==> ignore
    arg [/usr/lib/gcc/arm-linux-gnueabihf/4.7/../../../arm-linux-gnueabihf/crti.o] ==> ignore
    arg [/usr/lib/gcc/arm-linux-gnueabihf/4.7/crtbegin.o] ==> ignore
    arg [-L/usr/lib/gcc/arm-linux-gnueabihf/4.7] ==> dir [/usr/lib/gcc/arm-linux-gnueabihf/4.7]
    arg [-L/usr/lib/gcc/arm-linux-gnueabihf/4.7/../../../arm-linux-gnueabihf] ==> dir [/usr/lib/gcc/arm-linux-gnueabihf/4.7/../../../arm-linux-gnueabihf]
    arg [-L/usr/lib/gcc/arm-linux-gnueabihf/4.7/../../../../lib] ==> dir [/usr/lib/gcc/arm-linux-gnueabihf/4.7/../../../../lib]
    arg [-L/lib/arm-linux-gnueabihf] ==> dir [/lib/arm-linux-gnueabihf]
    arg [-L/lib/../lib] ==> dir [/lib/../lib]
    arg [-L/usr/lib/arm-linux-gnueabihf] ==> dir [/usr/lib/arm-linux-gnueabihf]
    arg [-L/usr/lib/../lib] ==> dir [/usr/lib/../lib]
    arg [-L/usr/lib/gcc/arm-linux-gnueabihf/4.7/../../..] ==> dir [/usr/lib/gcc/arm-linux-gnueabihf/4.7/../../..]
    arg [CMakeFiles/cmTC_37c8d.dir/CMakeCCompilerABI.c.o] ==> ignore
    arg [-lgcc] ==> lib [gcc]
    arg [--as-needed] ==> ignore
    arg [-lgcc_s] ==> lib [gcc_s]
    arg [--no-as-needed] ==> ignore
    arg [-lc] ==> lib [c]
    arg [-lgcc] ==> lib [gcc]
    arg [--as-needed] ==> ignore
    arg [-lgcc_s] ==> lib [gcc_s]
    arg [--no-as-needed] ==> ignore
    arg [/usr/lib/gcc/arm-linux-gnueabihf/4.7/crtend.o] ==> ignore
    arg [/usr/lib/gcc/arm-linux-gnueabihf/4.7/../../../arm-linux-gnueabihf/crtn.o] ==> ignore
  remove lib [gcc]
  remove lib [gcc_s]
  remove lib [gcc]
  remove lib [gcc_s]
  collapse library dir [/usr/lib/gcc/arm-linux-gnueabihf/4.7] ==> [/usr/lib/gcc/arm-linux-gnueabihf/4.7]
  collapse library dir [/usr/lib/gcc/arm-linux-gnueabihf/4.7/../../../arm-linux-gnueabihf] ==> [/usr/lib/arm-linux-gnueabihf]
  collapse library dir [/usr/lib/gcc/arm-linux-gnueabihf/4.7/../../../../lib] ==> [/usr/lib]
  collapse library dir [/lib/arm-linux-gnueabihf] ==> [/lib/arm-linux-gnueabihf]
  collapse library dir [/lib/../lib] ==> [/lib]
  collapse library dir [/usr/lib/arm-linux-gnueabihf] ==> [/usr/lib/arm-linux-gnueabihf]
  collapse library dir [/usr/lib/../lib] ==> [/usr/lib]
  collapse library dir [/usr/lib/gcc/arm-linux-gnueabihf/4.7/../../..] ==> [/usr/lib]
  implicit libs: [c]
  implicit dirs: [/usr/lib/gcc/arm-linux-gnueabihf/4.7;/usr/lib/arm-linux-gnueabihf;/usr/lib;/lib/arm-linux-gnueabihf;/lib]
  implicit fwks: []




Detecting C [-std=c11] compiler features compiled with the following output:
Change Dir: /root/Downloads/apps/demo_cn_console/build/CMakeFiles/CMakeTmp

Run Build Command:"/usr/bin/make" "cmTC_295fa/fast"
/usr/bin/make -f CMakeFiles/cmTC_295fa.dir/build.make CMakeFiles/cmTC_295fa.dir/build
make[1]: Entering directory `/root/Downloads/apps/demo_cn_console/build/CMakeFiles/CMakeTmp'
Building C object CMakeFiles/cmTC_295fa.dir/feature_tests.c.o
/usr/bin/cc   -std=c11 -o CMakeFiles/cmTC_295fa.dir/feature_tests.c.o   -c /root/Downloads/apps/demo_cn_console/build/CMakeFiles/feature_tests.c
Linking C executable cmTC_295fa
/usr/local/bin/cmake -E cmake_link_script CMakeFiles/cmTC_295fa.dir/link.txt --verbose=1
/usr/bin/cc      -rdynamic CMakeFiles/cmTC_295fa.dir/feature_tests.c.o  -o cmTC_295fa 
make[1]: Leaving directory `/root/Downloads/apps/demo_cn_console/build/CMakeFiles/CMakeTmp'


    Feature record: C_FEATURE:1c_function_prototypes
    Feature record: C_FEATURE:1c_restrict
    Feature record: C_FEATURE:1c_static_assert
    Feature record: C_FEATURE:1c_variadic_macros


Detecting C [-std=c99] compiler features compiled with the following output:
Change Dir: /root/Downloads/apps/demo_cn_console/build/CMakeFiles/CMakeTmp

Run Build Command:"/usr/bin/make" "cmTC_d35f6/fast"
/usr/bin/make -f CMakeFiles/cmTC_d35f6.dir/build.make CMakeFiles/cmTC_d35f6.dir/build
make[1]: Entering directory `/root/Downloads/apps/demo_cn_console/build/CMakeFiles/CMakeTmp'
Building C object CMakeFiles/cmTC_d35f6.dir/feature_tests.c.o
/usr/bin/cc   -std=c99 -o CMakeFiles/cmTC_d35f6.dir/feature_tests.c.o   -c /root/Downloads/apps/demo_cn_console/build/CMakeFiles/feature_tests.c
Linking C executable cmTC_d35f6
/usr/local/bin/cmake -E cmake_link_script CMakeFiles/cmTC_d35f6.dir/link.txt --verbose=1
/usr/bin/cc      -rdynamic CMakeFiles/cmTC_d35f6.dir/feature_tests.c.o  -o cmTC_d35f6 
make[1]: Leaving directory `/root/Downloads/apps/demo_cn_console/build/CMakeFiles/CMakeTmp'


    Feature record: C_FEATURE:1c_function_prototypes
    Feature record: C_FEATURE:1c_restrict
    Feature record: C_FEATURE:0c_static_assert
    Feature record: C_FEATURE:1c_variadic_macros


Detecting C [-std=c90] compiler features compiled with the following output:
Change Dir: /root/Downloads/apps/demo_cn_console/build/CMakeFiles/CMakeTmp

Run Build Command:"/usr/bin/make" "cmTC_93d7f/fast"
/usr/bin/make -f CMakeFiles/cmTC_93d7f.dir/build.make CMakeFiles/cmTC_93d7f.dir/build
make[1]: Entering directory `/root/Downloads/apps/demo_cn_console/build/CMakeFiles/CMakeTmp'
Building C object CMakeFiles/cmTC_93d7f.dir/feature_tests.c.o
/usr/bin/cc   -std=c90 -o CMakeFiles/cmTC_93d7f.dir/feature_tests.c.o   -c /root/Downloads/apps/demo_cn_console/build/CMakeFiles/feature_tests.c
Linking C executable cmTC_93d7f
/usr/local/bin/cmake -E cmake_link_script CMakeFiles/cmTC_93d7f.dir/link.txt --verbose=1
/usr/bin/cc      -rdynamic CMakeFiles/cmTC_93d7f.dir/feature_tests.c.o  -o cmTC_93d7f 
make[1]: Leaving directory `/root/Downloads/apps/demo_cn_console/build/CMakeFiles/CMakeTmp'


    Feature record: C_FEATURE:1c_function_prototypes
    Feature record: C_FEATURE:0c_restrict
    Feature record: C_FEATURE:0c_static_assert
    Feature record: C_FEATURE:0c_variadic_macros
