Determining if the pthread_create exist failed with the following output:
Change Dir: /home/roboy/workspace/myoFPGA/myoFPGA/build/CMakeFiles/CMakeTmp

Run Build Command:"/home/roboy/altera/16.1/embedded/ds-5/bin/make" "cmTC_84ae6/fast"
/home/roboy/altera/16.1/embedded/ds-5/bin/make -f CMakeFiles/cmTC_84ae6.dir/build.make CMakeFiles/cmTC_84ae6.dir/build
make[1]: Entering directory '/home/roboy/workspace/myoFPGA/myoFPGA/build/CMakeFiles/CMakeTmp'
Building C object CMakeFiles/cmTC_84ae6.dir/CheckSymbolExists.c.o
/usr/bin/cc     -o CMakeFiles/cmTC_84ae6.dir/CheckSymbolExists.c.o   -c /home/roboy/workspace/myoFPGA/myoFPGA/build/CMakeFiles/CMakeTmp/CheckSymbolExists.c
Linking C executable cmTC_84ae6
/usr/bin/cmake -E cmake_link_script CMakeFiles/cmTC_84ae6.dir/link.txt --verbose=1
/usr/bin/cc       CMakeFiles/cmTC_84ae6.dir/CheckSymbolExists.c.o  -o cmTC_84ae6 -rdynamic 
CMakeFiles/cmTC_84ae6.dir/CheckSymbolExists.c.o: In function `main':
CheckSymbolExists.c:(.text+0x16): undefined reference to `pthread_create'
collect2: error: ld returned 1 exit status
CMakeFiles/cmTC_84ae6.dir/build.make:97: recipe for target 'cmTC_84ae6' failed
make[1]: *** [cmTC_84ae6] Error 1
make[1]: Leaving directory '/home/roboy/workspace/myoFPGA/myoFPGA/build/CMakeFiles/CMakeTmp'
Makefile:126: recipe for target 'cmTC_84ae6/fast' failed
make: *** [cmTC_84ae6/fast] Error 2

File /home/roboy/workspace/myoFPGA/myoFPGA/build/CMakeFiles/CMakeTmp/CheckSymbolExists.c:
/* */
#include <pthread.h>

int main(int argc, char** argv)
{
  (void)argv;
#ifndef pthread_create
  return ((int*)(&pthread_create))[argc];
#else
  (void)argc;
  return 0;
#endif
}

Determining if the function pthread_create exists in the pthreads failed with the following output:
Change Dir: /home/roboy/workspace/myoFPGA/myoFPGA/build/CMakeFiles/CMakeTmp

Run Build Command:"/home/roboy/altera/16.1/embedded/ds-5/bin/make" "cmTC_397f8/fast"
/home/roboy/altera/16.1/embedded/ds-5/bin/make -f CMakeFiles/cmTC_397f8.dir/build.make CMakeFiles/cmTC_397f8.dir/build
make[1]: Entering directory '/home/roboy/workspace/myoFPGA/myoFPGA/build/CMakeFiles/CMakeTmp'
Building C object CMakeFiles/cmTC_397f8.dir/CheckFunctionExists.c.o
/usr/bin/cc    -DCHECK_FUNCTION_EXISTS=pthread_create   -o CMakeFiles/cmTC_397f8.dir/CheckFunctionExists.c.o   -c /usr/share/cmake-3.5/Modules/CheckFunctionExists.c
Linking C executable cmTC_397f8
/usr/bin/cmake -E cmake_link_script CMakeFiles/cmTC_397f8.dir/link.txt --verbose=1
/usr/bin/cc   -DCHECK_FUNCTION_EXISTS=pthread_create    CMakeFiles/cmTC_397f8.dir/CheckFunctionExists.c.o  -o cmTC_397f8 -rdynamic -lpthreads 
/usr/bin/ld: cannot find -lpthreads
collect2: error: ld returned 1 exit status
CMakeFiles/cmTC_397f8.dir/build.make:97: recipe for target 'cmTC_397f8' failed
make[1]: *** [cmTC_397f8] Error 1
make[1]: Leaving directory '/home/roboy/workspace/myoFPGA/myoFPGA/build/CMakeFiles/CMakeTmp'
Makefile:126: recipe for target 'cmTC_397f8/fast' failed
make: *** [cmTC_397f8/fast] Error 2


