Determining if the pthread_create exist failed with the following output:
Change Dir: /home/roboy/workspace/myoFPGA/myoFPGA_MN/build/CMakeFiles/CMakeTmp

Run Build Command:"/home/roboy/altera/16.1/embedded/ds-5/bin/make" "cmTC_70030/fast"
make[1]: Entering directory '/home/roboy/workspace/myoFPGA/myoFPGA_MN/build/CMakeFiles/CMakeTmp'
/home/roboy/altera/16.1/embedded/ds-5/bin/make -f CMakeFiles/cmTC_70030.dir/build.make CMakeFiles/cmTC_70030.dir/build
make[2]: Entering directory '/home/roboy/workspace/myoFPGA/myoFPGA_MN/build/CMakeFiles/CMakeTmp'
Building C object CMakeFiles/cmTC_70030.dir/CheckSymbolExists.c.o
/usr/bin/cc    -g    -o CMakeFiles/cmTC_70030.dir/CheckSymbolExists.c.o   -c /home/roboy/workspace/myoFPGA/myoFPGA_MN/build/CMakeFiles/CMakeTmp/CheckSymbolExists.c
Linking C executable cmTC_70030
/usr/bin/cmake -E cmake_link_script CMakeFiles/cmTC_70030.dir/link.txt --verbose=1
/usr/bin/cc   -g     CMakeFiles/cmTC_70030.dir/CheckSymbolExists.c.o  -o cmTC_70030 -rdynamic 
CMakeFiles/cmTC_70030.dir/CheckSymbolExists.c.o: In function `main':
/home/roboy/workspace/myoFPGA/myoFPGA_MN/build/CMakeFiles/CMakeTmp/CheckSymbolExists.c:8: undefined reference to `pthread_create'
collect2: error: ld returned 1 exit status
CMakeFiles/cmTC_70030.dir/build.make:97: recipe for target 'cmTC_70030' failed
make[2]: *** [cmTC_70030] Error 1
make[2]: Leaving directory '/home/roboy/workspace/myoFPGA/myoFPGA_MN/build/CMakeFiles/CMakeTmp'
Makefile:126: recipe for target 'cmTC_70030/fast' failed
make[1]: *** [cmTC_70030/fast] Error 2
make[1]: Leaving directory '/home/roboy/workspace/myoFPGA/myoFPGA_MN/build/CMakeFiles/CMakeTmp'

File /home/roboy/workspace/myoFPGA/myoFPGA_MN/build/CMakeFiles/CMakeTmp/CheckSymbolExists.c:
/* */
#include <pthread.h>

int main(int argc, char** argv)
{
  (void)argv;
#ifndef pthread_create
  return ((int*)(&pthread_create))[argc];
#else
  (void)argc;
  return 0;
#endif
}

Determining if the function pthread_create exists in the pthreads failed with the following output:
Change Dir: /home/roboy/workspace/myoFPGA/myoFPGA_MN/build/CMakeFiles/CMakeTmp

Run Build Command:"/home/roboy/altera/16.1/embedded/ds-5/bin/make" "cmTC_bf9a1/fast"
make[1]: Entering directory '/home/roboy/workspace/myoFPGA/myoFPGA_MN/build/CMakeFiles/CMakeTmp'
/home/roboy/altera/16.1/embedded/ds-5/bin/make -f CMakeFiles/cmTC_bf9a1.dir/build.make CMakeFiles/cmTC_bf9a1.dir/build
make[2]: Entering directory '/home/roboy/workspace/myoFPGA/myoFPGA_MN/build/CMakeFiles/CMakeTmp'
Building C object CMakeFiles/cmTC_bf9a1.dir/CheckFunctionExists.c.o
/usr/bin/cc    -g -DCHECK_FUNCTION_EXISTS=pthread_create   -o CMakeFiles/cmTC_bf9a1.dir/CheckFunctionExists.c.o   -c /usr/share/cmake-3.5/Modules/CheckFunctionExists.c
Linking C executable cmTC_bf9a1
/usr/bin/cmake -E cmake_link_script CMakeFiles/cmTC_bf9a1.dir/link.txt --verbose=1
/usr/bin/cc   -g -DCHECK_FUNCTION_EXISTS=pthread_create    CMakeFiles/cmTC_bf9a1.dir/CheckFunctionExists.c.o  -o cmTC_bf9a1 -rdynamic -lpthreads 
/usr/bin/ld: cannot find -lpthreads
collect2: error: ld returned 1 exit status
CMakeFiles/cmTC_bf9a1.dir/build.make:97: recipe for target 'cmTC_bf9a1' failed
make[2]: *** [cmTC_bf9a1] Error 1
make[2]: Leaving directory '/home/roboy/workspace/myoFPGA/myoFPGA_MN/build/CMakeFiles/CMakeTmp'
Makefile:126: recipe for target 'cmTC_bf9a1/fast' failed
make[1]: *** [cmTC_bf9a1/fast] Error 2
make[1]: Leaving directory '/home/roboy/workspace/myoFPGA/myoFPGA_MN/build/CMakeFiles/CMakeTmp'


