Determining if the pthread_create exist failed with the following output:
Change Dir: /home/roboy/workspace/myoFPGA/myoFPGA_CN/build/CMakeFiles/CMakeTmp

Run Build Command:"/home/roboy/altera/16.1/embedded/ds-5/bin/make" "cmTC_75b65/fast"
/home/roboy/altera/16.1/embedded/ds-5/bin/make -f CMakeFiles/cmTC_75b65.dir/build.make CMakeFiles/cmTC_75b65.dir/build
make[1]: Entering directory '/home/roboy/workspace/myoFPGA/myoFPGA_CN/build/CMakeFiles/CMakeTmp'
Building C object CMakeFiles/cmTC_75b65.dir/CheckSymbolExists.c.o
/usr/bin/cc    -g    -o CMakeFiles/cmTC_75b65.dir/CheckSymbolExists.c.o   -c /home/roboy/workspace/myoFPGA/myoFPGA_CN/build/CMakeFiles/CMakeTmp/CheckSymbolExists.c
Linking C executable cmTC_75b65
/usr/bin/cmake -E cmake_link_script CMakeFiles/cmTC_75b65.dir/link.txt --verbose=1
/usr/bin/cc   -g     CMakeFiles/cmTC_75b65.dir/CheckSymbolExists.c.o  -o cmTC_75b65 -rdynamic 
CMakeFiles/cmTC_75b65.dir/CheckSymbolExists.c.o: In function `main':
/home/roboy/workspace/myoFPGA/myoFPGA_CN/build/CMakeFiles/CMakeTmp/CheckSymbolExists.c:8: undefined reference to `pthread_create'
collect2: error: ld returned 1 exit status
CMakeFiles/cmTC_75b65.dir/build.make:97: recipe for target 'cmTC_75b65' failed
make[1]: *** [cmTC_75b65] Error 1
make[1]: Leaving directory '/home/roboy/workspace/myoFPGA/myoFPGA_CN/build/CMakeFiles/CMakeTmp'
Makefile:126: recipe for target 'cmTC_75b65/fast' failed
make: *** [cmTC_75b65/fast] Error 2

File /home/roboy/workspace/myoFPGA/myoFPGA_CN/build/CMakeFiles/CMakeTmp/CheckSymbolExists.c:
/* */
#include <pthread.h>

int main(int argc, char** argv)
{
  (void)argv;
#ifndef pthread_create
  return ((int*)(&pthread_create))[argc];
#else
  (void)argc;
  return 0;
#endif
}

Determining if the function pthread_create exists in the pthreads failed with the following output:
Change Dir: /home/roboy/workspace/myoFPGA/myoFPGA_CN/build/CMakeFiles/CMakeTmp

Run Build Command:"/home/roboy/altera/16.1/embedded/ds-5/bin/make" "cmTC_dc3e9/fast"
/home/roboy/altera/16.1/embedded/ds-5/bin/make -f CMakeFiles/cmTC_dc3e9.dir/build.make CMakeFiles/cmTC_dc3e9.dir/build
make[1]: Entering directory '/home/roboy/workspace/myoFPGA/myoFPGA_CN/build/CMakeFiles/CMakeTmp'
Building C object CMakeFiles/cmTC_dc3e9.dir/CheckFunctionExists.c.o
/usr/bin/cc    -g -DCHECK_FUNCTION_EXISTS=pthread_create   -o CMakeFiles/cmTC_dc3e9.dir/CheckFunctionExists.c.o   -c /usr/share/cmake-3.5/Modules/CheckFunctionExists.c
Linking C executable cmTC_dc3e9
/usr/bin/cmake -E cmake_link_script CMakeFiles/cmTC_dc3e9.dir/link.txt --verbose=1
/usr/bin/cc   -g -DCHECK_FUNCTION_EXISTS=pthread_create    CMakeFiles/cmTC_dc3e9.dir/CheckFunctionExists.c.o  -o cmTC_dc3e9 -rdynamic -lpthreads 
/usr/bin/ld: cannot find -lpthreads
collect2: error: ld returned 1 exit status
CMakeFiles/cmTC_dc3e9.dir/build.make:97: recipe for target 'cmTC_dc3e9' failed
make[1]: *** [cmTC_dc3e9] Error 1
make[1]: Leaving directory '/home/roboy/workspace/myoFPGA/myoFPGA_CN/build/CMakeFiles/CMakeTmp'
Makefile:126: recipe for target 'cmTC_dc3e9/fast' failed
make: *** [cmTC_dc3e9/fast] Error 2


