Flow report for myoFPGA
Thu Feb 16 22:24:53 2017
Quartus Prime Version 15.1.0 Build 185 10/21/2015 SJ Lite Edition


---------------------
; Table of Contents ;
---------------------
  1. Legal Notice
  2. Flow Summary
  3. Flow Settings
  4. Flow Non-Default Global Settings
  5. Flow Elapsed Time
  6. Flow OS Summary
  7. Flow Log
  8. Flow Messages
  9. Flow Suppressed Messages



----------------
; Legal Notice ;
----------------
Copyright (C) 1991-2015 Altera Corporation. All rights reserved.
Your use of Altera Corporation's design tools, logic functions 
and other software and tools, and its AMPP partner logic 
functions, and any output files from any of the foregoing 
(including device programming or simulation files), and any 
associated documentation or information are expressly subject 
to the terms and conditions of the Altera Program License 
Subscription Agreement, the Altera Quartus Prime License Agreement,
the Altera MegaCore Function License Agreement, or other 
applicable license agreement, including, without limitation, 
that your use is for the sole purpose of programming logic 
devices manufactured by Altera and sold by Altera or its 
authorized distributors.  Please refer to the applicable 
agreement for further details.



+-------------------------------------------------------------------------------+
; Flow Summary                                                                  ;
+---------------------------------+---------------------------------------------+
; Flow Status                     ; Successful - Thu Feb 16 22:24:53 2017       ;
; Quartus Prime Version           ; 15.1.0 Build 185 10/21/2015 SJ Lite Edition ;
; Revision Name                   ; myoFPGA                                     ;
; Top-level Entity Name           ; spi_system                                  ;
; Family                          ; Cyclone V                                   ;
; Device                          ; 5CSEMA4U23C6                                ;
; Timing Models                   ; Final                                       ;
; Logic utilization (in ALMs)     ; 76 / 15,880 ( < 1 % )                       ;
; Total registers                 ; 148                                         ;
; Total pins                      ; 19 / 314 ( 6 % )                            ;
; Total virtual pins              ; 0                                           ;
; Total block memory bits         ; 0 / 2,764,800 ( 0 % )                       ;
; Total DSP Blocks                ; 0 / 84 ( 0 % )                              ;
; Total HSSI RX PCSs              ; 0                                           ;
; Total HSSI PMA RX Deserializers ; 0                                           ;
; Total HSSI TX PCSs              ; 0                                           ;
; Total HSSI PMA TX Serializers   ; 0                                           ;
; Total PLLs                      ; 0 / 5 ( 0 % )                               ;
; Total DLLs                      ; 0 / 4 ( 0 % )                               ;
+---------------------------------+---------------------------------------------+


+-----------------------------------------+
; Flow Settings                           ;
+-------------------+---------------------+
; Option            ; Setting             ;
+-------------------+---------------------+
; Start date & time ; 02/16/2017 22:23:41 ;
; Main task         ; Compilation         ;
; Revision Name     ; myoFPGA             ;
+-------------------+---------------------+


+-----------------------------------------------------------------------------------------------------------------------------------------------------+
; Flow Non-Default Global Settings                                                                                                                    ;
+---------------------------------------+--------------------------------------------------------------+---------------+-------------+----------------+
; Assignment Name                       ; Value                                                        ; Default Value ; Entity Name ; Section Id     ;
+---------------------------------------+--------------------------------------------------------------+---------------+-------------+----------------+
; COMPILER_SIGNATURE_ID                 ; 264840331551678.148728022005236                              ; --            ; --          ; --             ;
; ECO_REGENERATE_REPORT                 ; On                                                           ; Off           ; --          ; --             ;
; EDA_OUTPUT_DATA_FORMAT                ; Verilog Hdl                                                  ; --            ; --          ; eda_simulation ;
; EDA_SIMULATION_TOOL                   ; ModelSim-Altera (Verilog)                                    ; <None>        ; --          ; --             ;
; MAX_CORE_JUNCTION_TEMP                ; 85                                                           ; --            ; --          ; --             ;
; MIN_CORE_JUNCTION_TEMP                ; 0                                                            ; --            ; --          ; --             ;
; MISC_FILE                             ; spi_system/synthesis/../spi_system.cmp                       ; --            ; --          ; --             ;
; MISC_FILE                             ; spi_system/synthesis/../../spi_system.qsys                   ; --            ; --          ; --             ;
; PARTITION_COLOR                       ; 16764057                                                     ; --            ; spi_system  ; Top            ;
; PARTITION_FITTER_PRESERVATION_LEVEL   ; PLACEMENT_AND_ROUTING                                        ; --            ; spi_system  ; Top            ;
; PARTITION_NETLIST_TYPE                ; SOURCE                                                       ; --            ; spi_system  ; Top            ;
; POWER_BOARD_THERMAL_MODEL             ; None (CONSERVATIVE)                                          ; --            ; --          ; --             ;
; POWER_PRESET_COOLING_SOLUTION         ; 23 MM HEAT SINK WITH 200 LFPM AIRFLOW                        ; --            ; --          ; --             ;
; PROJECT_OUTPUT_DIRECTORY              ; output_files                                                 ; --            ; --          ; --             ;
; SLD_FILE                              ; spi_system/synthesis/spi_system.debuginfo                    ; --            ; --          ; --             ;
; SLD_INFO                              ; QSYS_NAME spi_system HAS_SOPCINFO 1 GENERATION_ID 1487192190 ; --            ; spi_system  ; --             ;
; SOPCINFO_FILE                         ; spi_system/synthesis/../../spi_system.sopcinfo               ; --            ; --          ; --             ;
; SYNTHESIS_ONLY_QIP                    ; On                                                           ; --            ; --          ; --             ;
; TOP_LEVEL_ENTITY                      ; spi_system                                                   ; myoFPGA       ; --          ; --             ;
; USE_DLL_FREQUENCY_FOR_DQS_DELAY_CHAIN ; On                                                           ; Off           ; --          ; --             ;
+---------------------------------------+--------------------------------------------------------------+---------------+-------------+----------------+


+-------------------------------------------------------------------------------------------------------------------------------+
; Flow Elapsed Time                                                                                                             ;
+---------------------------+--------------+-------------------------+---------------------+------------------------------------+
; Module Name               ; Elapsed Time ; Average Processors Used ; Peak Virtual Memory ; Total CPU Time (on all processors) ;
+---------------------------+--------------+-------------------------+---------------------+------------------------------------+
; Analysis & Synthesis      ; 00:00:15     ; 1.0                     ; 1214 MB             ; 00:00:34                           ;
; Fitter                    ; 00:00:28     ; 1.0                     ; 1961 MB             ; 00:00:36                           ;
; Assembler                 ; 00:00:06     ; 1.0                     ; 1141 MB             ; 00:00:06                           ;
; TimeQuest Timing Analyzer ; 00:00:06     ; 1.0                     ; 1310 MB             ; 00:00:06                           ;
; EDA Netlist Writer        ; 00:00:01     ; 1.0                     ; 1337 MB             ; 00:00:01                           ;
; Total                     ; 00:00:56     ; --                      ; --                  ; 00:01:23                           ;
+---------------------------+--------------+-------------------------+---------------------+------------------------------------+


+---------------------------------------------------------------------------------------------+
; Flow OS Summary                                                                             ;
+---------------------------+------------------+----------------+------------+----------------+
; Module Name               ; Machine Hostname ; OS Name        ; OS Version ; Processor type ;
+---------------------------+------------------+----------------+------------+----------------+
; Analysis & Synthesis      ; x220             ; Ubuntu 16.04.1 ; 16         ; x86_64         ;
; Fitter                    ; x220             ; Ubuntu 16.04.1 ; 16         ; x86_64         ;
; Assembler                 ; x220             ; Ubuntu 16.04.1 ; 16         ; x86_64         ;
; TimeQuest Timing Analyzer ; x220             ; Ubuntu 16.04.1 ; 16         ; x86_64         ;
; EDA Netlist Writer        ; x220             ; Ubuntu 16.04.1 ; 16         ; x86_64         ;
+---------------------------+------------------+----------------+------------+----------------+


------------
; Flow Log ;
------------
quartus_map --read_settings_files=on --write_settings_files=off myoFPGA -c myoFPGA
quartus_fit --read_settings_files=off --write_settings_files=off myoFPGA -c myoFPGA
quartus_asm --read_settings_files=off --write_settings_files=off myoFPGA -c myoFPGA
quartus_sta myoFPGA -c myoFPGA
quartus_eda --read_settings_files=off --write_settings_files=off myoFPGA -c myoFPGA



